<?xml version="1.0" encoding="UTF-8"?>
<testng-results ignored="0" total="2" passed="2" failed="0" skipped="0">
  <reporter-output>
  </reporter-output>
  <suite started-at="2023-10-14T18:58:49 IST" name="SmokeSuite" finished-at="2023-10-14T18:59:29 IST" duration-ms="40106">
    <groups>
    </groups>
    <test started-at="2023-10-14T18:58:49 IST" name="ChromeTest" finished-at="2023-10-14T18:58:59 IST" duration-ms="9858">
      <class name="TestNG.VerifySearchButtonOfMainPage">
        <test-method is-config="true" signature="launchBrowser(java.lang.String)[pri:0, instance:TestNG.VerifySearchButtonOfMainPage@2d1ef81a]" started-at="2023-10-14T18:58:49 IST" name="launchBrowser" finished-at="2023-10-14T18:58:54 IST" duration-ms="4885" status="PASS">
          <params>
            <param index="0">
              <value>
                <![CDATA[Chrome]]>
              </value>
            </param>
          </params>
          <reporter-output>
          </reporter-output>
        </test-method> <!-- launchBrowser -->
        <test-method is-config="true" signature="createObjects()[pri:0, instance:TestNG.VerifySearchButtonOfMainPage@2d1ef81a]" started-at="2023-10-14T18:58:54 IST" name="createObjects" finished-at="2023-10-14T18:58:54 IST" duration-ms="58" status="PASS">
          <reporter-output>
          </reporter-output>
        </test-method> <!-- createObjects -->
        <test-method is-config="true" signature="goOnSearchButton()[pri:0, instance:TestNG.VerifySearchButtonOfMainPage@2d1ef81a]" started-at="2023-10-14T18:58:54 IST" name="goOnSearchButton" finished-at="2023-10-14T18:58:58 IST" duration-ms="4484" status="PASS">
          <reporter-output>
          </reporter-output>
        </test-method> <!-- goOnSearchButton -->
        <test-method signature="verifySearchButton()[pri:0, instance:TestNG.VerifySearchButtonOfMainPage@2d1ef81a]" started-at="2023-10-14T18:58:58 IST" name="verifySearchButton" finished-at="2023-10-14T18:58:58 IST" duration-ms="24" status="PASS">
          <reporter-output>
          </reporter-output>
        </test-method> <!-- verifySearchButton -->
        <test-method is-config="true" signature="takeScreenshotOffailedTest(org.testng.ITestResult)[pri:0, instance:TestNG.VerifySearchButtonOfMainPage@2d1ef81a]" started-at="2023-10-14T18:58:58 IST" name="takeScreenshotOffailedTest" finished-at="2023-10-14T18:58:58 IST" duration-ms="0" status="PASS">
          <params>
            <param index="0">
              <value>
                <![CDATA[[TestResult name=verifySearchButton status=SUCCESS method=VerifySearchButtonOfMainPage.verifySearchButton()[pri:0, instance:TestNG.VerifySearchButtonOfMainPage@2d1ef81a] output={null}]]]>
              </value>
            </param>
          </params>
          <reporter-output>
          </reporter-output>
        </test-method> <!-- takeScreenshotOffailedTest -->
        <test-method is-config="true" signature="removeObjects()[pri:0, instance:TestNG.VerifySearchButtonOfMainPage@2d1ef81a]" started-at="2023-10-14T18:58:58 IST" name="removeObjects" finished-at="2023-10-14T18:58:58 IST" duration-ms="0" status="PASS">
          <reporter-output>
          </reporter-output>
        </test-method> <!-- removeObjects -->
        <test-method is-config="true" signature="closeTheBrowser()[pri:0, instance:TestNG.VerifySearchButtonOfMainPage@2d1ef81a]" started-at="2023-10-14T18:58:58 IST" name="closeTheBrowser" finished-at="2023-10-14T18:58:59 IST" duration-ms="318" status="PASS">
          <reporter-output>
          </reporter-output>
        </test-method> <!-- closeTheBrowser -->
      </class> <!-- TestNG.VerifySearchButtonOfMainPage -->
    </test> <!-- ChromeTest -->
    <test started-at="2023-10-14T18:58:59 IST" name="EdgeTest" finished-at="2023-10-14T18:59:29 IST" duration-ms="30149">
      <class name="TestNG.VerifySearchButtonOfMainPage">
        <test-method is-config="true" signature="launchBrowser(java.lang.String)[pri:0, instance:TestNG.VerifySearchButtonOfMainPage@5dda768f]" started-at="2023-10-14T18:58:59 IST" name="launchBrowser" finished-at="2023-10-14T18:59:04 IST" duration-ms="5028" status="PASS">
          <params>
            <param index="0">
              <value>
                <![CDATA[Edge]]>
              </value>
            </param>
          </params>
          <reporter-output>
          </reporter-output>
        </test-method> <!-- launchBrowser -->
        <test-method is-config="true" signature="createObjects()[pri:0, instance:TestNG.VerifySearchButtonOfMainPage@5dda768f]" started-at="2023-10-14T18:59:04 IST" name="createObjects" finished-at="2023-10-14T18:59:04 IST" duration-ms="8" status="PASS">
          <reporter-output>
          </reporter-output>
        </test-method> <!-- createObjects -->
        <test-method is-config="true" signature="goOnSearchButton()[pri:0, instance:TestNG.VerifySearchButtonOfMainPage@5dda768f]" started-at="2023-10-14T18:59:04 IST" name="goOnSearchButton" finished-at="2023-10-14T18:59:29 IST" duration-ms="24762" status="PASS">
          <reporter-output>
          </reporter-output>
        </test-method> <!-- goOnSearchButton -->
        <test-method signature="verifySearchButton()[pri:0, instance:TestNG.VerifySearchButtonOfMainPage@5dda768f]" started-at="2023-10-14T18:59:29 IST" name="verifySearchButton" finished-at="2023-10-14T18:59:29 IST" duration-ms="15" status="PASS">
          <reporter-output>
          </reporter-output>
        </test-method> <!-- verifySearchButton -->
        <test-method is-config="true" signature="closeTheBrowser()[pri:0, instance:TestNG.VerifySearchButtonOfMainPage@5dda768f]" started-at="2023-10-14T18:59:29 IST" name="closeTheBrowser" finished-at="2023-10-14T18:59:29 IST" duration-ms="330" status="PASS">
          <reporter-output>
          </reporter-output>
        </test-method> <!-- closeTheBrowser -->
        <test-method is-config="true" signature="removeObjects()[pri:0, instance:TestNG.VerifySearchButtonOfMainPage@5dda768f]" started-at="2023-10-14T18:59:29 IST" name="removeObjects" finished-at="2023-10-14T18:59:29 IST" duration-ms="0" status="PASS">
          <reporter-output>
          </reporter-output>
        </test-method> <!-- removeObjects -->
        <test-method is-config="true" signature="takeScreenshotOffailedTest(org.testng.ITestResult)[pri:0, instance:TestNG.VerifySearchButtonOfMainPage@5dda768f]" started-at="2023-10-14T18:59:29 IST" name="takeScreenshotOffailedTest" finished-at="2023-10-14T18:59:29 IST" duration-ms="0" status="PASS">
          <params>
            <param index="0">
              <value>
                <![CDATA[[TestResult name=verifySearchButton status=SUCCESS method=VerifySearchButtonOfMainPage.verifySearchButton()[pri:0, instance:TestNG.VerifySearchButtonOfMainPage@5dda768f] output={null}]]]>
              </value>
            </param>
          </params>
          <reporter-output>
          </reporter-output>
        </test-method> <!-- takeScreenshotOffailedTest -->
      </class> <!-- TestNG.VerifySearchButtonOfMainPage -->
    </test> <!-- EdgeTest -->
  </suite> <!-- SmokeSuite -->
</testng-results>
